<?xml version="1.0" encoding="UTF-8"?>
<coverage generated="1740979937133" clover="3.2.0">
  <project timestamp="1740979937133" name="All files">
    <metrics statements="146" coveredstatements="75" conditionals="86" coveredconditionals="52" methods="69" coveredmethods="31" elements="301" coveredelements="158" complexity="0" loc="146" ncloc="146" packages="6" files="21" classes="21"/>
    <package name="src">
      <metrics statements="2" coveredstatements="0" conditionals="0" coveredconditionals="0" methods="0" coveredmethods="0"/>
      <file name="main.jsx" path="/home/labber/lighthouse/projects/scheduler/src/main.jsx">
        <metrics statements="2" coveredstatements="0" conditionals="0" coveredconditionals="0" methods="0" coveredmethods="0"/>
        <line num="8" count="0" type="stmt"/>
        <line num="9" count="0" type="stmt"/>
      </file>
      <file name="setupTests.js" path="/home/labber/lighthouse/projects/scheduler/src/setupTests.js">
        <metrics statements="0" coveredstatements="0" conditionals="0" coveredconditionals="0" methods="0" coveredmethods="0"/>
      </file>
    </package>
    <package name="src.components">
      <metrics statements="29" coveredstatements="21" conditionals="8" coveredconditionals="5" methods="15" coveredmethods="9"/>
      <file name="Application.jsx" path="/home/labber/lighthouse/projects/scheduler/src/components/Application.jsx">
        <metrics statements="11" coveredstatements="5" conditionals="2" coveredconditionals="0" methods="5" coveredmethods="1"/>
        <line num="17" count="2" type="stmt"/>
        <line num="19" count="2" type="stmt"/>
        <line num="21" count="2" type="stmt"/>
        <line num="23" count="0" type="stmt"/>
        <line num="38" count="2" type="stmt"/>
        <line num="39" count="0" type="stmt"/>
        <line num="41" count="0" type="cond" truecount="0" falsecount="2"/>
        <line num="42" count="0" type="stmt"/>
        <line num="44" count="0" type="stmt"/>
        <line num="47" count="0" type="stmt"/>
        <line num="50" count="2" type="stmt"/>
      </file>
      <file name="Button.jsx" path="/home/labber/lighthouse/projects/scheduler/src/components/Button.jsx">
        <metrics statements="2" coveredstatements="2" conditionals="0" coveredconditionals="0" methods="1" coveredmethods="1"/>
        <line num="6" count="29" type="stmt"/>
        <line num="11" count="29" type="stmt"/>
      </file>
      <file name="DayList.jsx" path="/home/labber/lighthouse/projects/scheduler/src/components/DayList.jsx">
        <metrics statements="3" coveredstatements="3" conditionals="0" coveredconditionals="0" methods="2" coveredmethods="2"/>
        <line num="4" count="2" type="stmt"/>
        <line num="5" count="2" type="stmt"/>
        <line num="16" count="2" type="stmt"/>
      </file>
      <file name="DayListItem.jsx" path="/home/labber/lighthouse/projects/scheduler/src/components/DayListItem.jsx">
        <metrics statements="6" coveredstatements="5" conditionals="4" coveredconditionals="3" methods="3" coveredmethods="2"/>
        <line num="6" count="2" type="cond" truecount="1" falsecount="1"/>
        <line num="7" count="2" type="cond" truecount="2" falsecount="0"/>
        <line num="9" count="1" type="stmt"/>
        <line num="13" count="2" type="stmt"/>
        <line num="18" count="2" type="stmt"/>
        <line num="21" count="0" type="stmt"/>
      </file>
      <file name="InterviewerList.jsx" path="/home/labber/lighthouse/projects/scheduler/src/components/InterviewerList.jsx">
        <metrics statements="5" coveredstatements="4" conditionals="0" coveredconditionals="0" methods="3" coveredmethods="2"/>
        <line num="7" count="13" type="stmt"/>
        <line num="8" count="13" type="stmt"/>
        <line num="15" count="0" type="stmt"/>
        <line num="20" count="13" type="stmt"/>
        <line num="28" count="2" type="stmt"/>
      </file>
      <file name="InterviewerListItem.jsx" path="/home/labber/lighthouse/projects/scheduler/src/components/InterviewerListItem.jsx">
        <metrics statements="2" coveredstatements="2" conditionals="2" coveredconditionals="2" methods="1" coveredmethods="1"/>
        <line num="6" count="13" type="stmt"/>
        <line num="10" count="13" type="stmt"/>
      </file>
    </package>
    <package name="src.components.Appointment">
      <metrics statements="67" coveredstatements="27" conditionals="35" coveredconditionals="21" methods="26" coveredmethods="6"/>
      <file name="Confirm.jsx" path="/home/labber/lighthouse/projects/scheduler/src/components/Appointment/Confirm.jsx">
        <metrics statements="1" coveredstatements="0" conditionals="0" coveredconditionals="0" methods="1" coveredmethods="0"/>
        <line num="4" count="0" type="stmt"/>
      </file>
      <file name="Empty.jsx" path="/home/labber/lighthouse/projects/scheduler/src/components/Appointment/Empty.jsx">
        <metrics statements="1" coveredstatements="1" conditionals="0" coveredconditionals="0" methods="1" coveredmethods="1"/>
        <line num="2" count="2" type="stmt"/>
      </file>
      <file name="Error.jsx" path="/home/labber/lighthouse/projects/scheduler/src/components/Appointment/Error.jsx">
        <metrics statements="1" coveredstatements="0" conditionals="0" coveredconditionals="0" methods="1" coveredmethods="0"/>
        <line num="2" count="0" type="stmt"/>
      </file>
      <file name="Form.jsx" path="/home/labber/lighthouse/projects/scheduler/src/components/Appointment/Form.jsx">
        <metrics statements="19" coveredstatements="13" conditionals="10" coveredconditionals="10" methods="6" coveredmethods="3"/>
        <line num="6" count="14" type="cond" truecount="2" falsecount="0"/>
        <line num="7" count="14" type="stmt"/>
        <line num="10" count="14" type="stmt"/>
        <line num="16" count="6" type="cond" truecount="2" falsecount="0"/>
        <line num="17" count="2" type="stmt"/>
        <line num="18" count="2" type="stmt"/>
        <line num="21" count="4" type="cond" truecount="2" falsecount="0"/>
        <line num="22" count="1" type="stmt"/>
        <line num="23" count="1" type="stmt"/>
        <line num="26" count="3" type="stmt"/>
        <line num="27" count="3" type="stmt"/>
        <line num="34" count="0" type="stmt"/>
        <line num="35" count="0" type="stmt"/>
        <line num="36" count="0" type="stmt"/>
        <line num="43" count="0" type="stmt"/>
        <line num="44" count="0" type="stmt"/>
        <line num="47" count="14" type="stmt"/>
        <line num="50" count="0" type="stmt"/>
        <line num="57" count="2" type="stmt"/>
      </file>
      <file name="Header.jsx" path="/home/labber/lighthouse/projects/scheduler/src/components/Appointment/Header.jsx">
        <metrics statements="1" coveredstatements="1" conditionals="0" coveredconditionals="0" methods="1" coveredmethods="1"/>
        <line num="2" count="2" type="stmt"/>
      </file>
      <file name="Show.jsx" path="/home/labber/lighthouse/projects/scheduler/src/components/Appointment/Show.jsx">
        <metrics statements="1" coveredstatements="0" conditionals="2" coveredconditionals="0" methods="1" coveredmethods="0"/>
        <line num="2" count="0" type="stmt"/>
      </file>
      <file name="Status.jsx" path="/home/labber/lighthouse/projects/scheduler/src/components/Appointment/Status.jsx">
        <metrics statements="1" coveredstatements="0" conditionals="0" coveredconditionals="0" methods="1" coveredmethods="0"/>
        <line num="2" count="0" type="stmt"/>
      </file>
      <file name="index.jsx" path="/home/labber/lighthouse/projects/scheduler/src/components/Appointment/index.jsx">
        <metrics statements="42" coveredstatements="12" conditionals="23" coveredconditionals="11" methods="14" coveredmethods="1"/>
        <line num="16" count="2" type="stmt"/>
        <line num="17" count="2" type="stmt"/>
        <line num="18" count="2" type="stmt"/>
        <line num="19" count="2" type="stmt"/>
        <line num="20" count="2" type="stmt"/>
        <line num="21" count="2" type="stmt"/>
        <line num="22" count="2" type="stmt"/>
        <line num="23" count="2" type="stmt"/>
        <line num="24" count="2" type="stmt"/>
        <line num="26" count="2" type="stmt"/>
        <line num="31" count="2" type="stmt"/>
        <line num="41" count="0" type="cond" truecount="0" falsecount="2"/>
        <line num="42" count="0" type="stmt"/>
        <line num="43" count="0" type="stmt"/>
        <line num="44" count="0" type="stmt"/>
        <line num="47" count="0" type="stmt"/>
        <line num="49" count="0" type="stmt"/>
        <line num="51" count="0" type="stmt"/>
        <line num="53" count="0" type="stmt"/>
        <line num="55" count="0" type="stmt"/>
        <line num="57" count="0" type="stmt"/>
        <line num="58" count="0" type="stmt"/>
        <line num="63" count="0" type="stmt"/>
        <line num="64" count="0" type="stmt"/>
        <line num="66" count="0" type="stmt"/>
        <line num="68" count="0" type="stmt"/>
        <line num="70" count="0" type="stmt"/>
        <line num="71" count="0" type="stmt"/>
        <line num="75" count="2" type="stmt"/>
        <line num="82" count="0" type="stmt"/>
        <line num="83" count="0" type="stmt"/>
        <line num="92" count="0" type="stmt"/>
        <line num="95" count="0" type="stmt"/>
        <line num="96" count="0" type="stmt"/>
        <line num="99" count="0" type="stmt"/>
        <line num="100" count="0" type="stmt"/>
        <line num="109" count="0" type="stmt"/>
        <line num="110" count="0" type="stmt"/>
        <line num="122" count="0" type="stmt"/>
        <line num="123" count="0" type="stmt"/>
        <line num="136" count="0" type="stmt"/>
        <line num="137" count="0" type="stmt"/>
      </file>
    </package>
    <package name="src.helpers">
      <metrics statements="9" coveredstatements="9" conditionals="18" coveredconditionals="16" methods="7" coveredmethods="7"/>
      <file name="selectors.js" path="/home/labber/lighthouse/projects/scheduler/src/helpers/selectors.js">
        <metrics statements="9" coveredstatements="9" conditionals="18" coveredconditionals="16" methods="7" coveredmethods="7"/>
        <line num="2" count="7" type="cond" truecount="3" falsecount="1"/>
        <line num="4" count="7" type="stmt"/>
        <line num="6" count="7" type="cond" truecount="4" falsecount="0"/>
        <line num="8" count="8" type="stmt"/>
        <line num="12" count="7" type="cond" truecount="3" falsecount="1"/>
        <line num="14" count="7" type="stmt"/>
        <line num="16" count="7" type="cond" truecount="4" falsecount="0"/>
        <line num="18" count="8" type="stmt"/>
        <line num="22" count="2" type="stmt"/>
      </file>
    </package>
    <package name="src.hooks">
      <metrics statements="24" coveredstatements="12" conditionals="9" coveredconditionals="5" methods="17" coveredmethods="8"/>
      <file name="useApplicationData.js" path="/home/labber/lighthouse/projects/scheduler/src/hooks/useApplicationData.js">
        <metrics statements="10" coveredstatements="6" conditionals="0" coveredconditionals="0" methods="8" coveredmethods="3"/>
        <line num="11" count="2" type="stmt"/>
        <line num="18" count="2" type="stmt"/>
        <line num="20" count="2" type="stmt"/>
        <line num="21" count="1" type="stmt"/>
        <line num="27" count="1" type="stmt"/>
        <line num="38" count="0" type="stmt"/>
        <line num="39" count="0" type="stmt"/>
        <line num="48" count="0" type="stmt"/>
        <line num="49" count="0" type="stmt"/>
        <line num="57" count="2" type="stmt"/>
      </file>
      <file name="useRealtimeUpdate.js" path="/home/labber/lighthouse/projects/scheduler/src/hooks/useRealtimeUpdate.js">
        <metrics statements="8" coveredstatements="0" conditionals="4" coveredconditionals="0" methods="4" coveredmethods="0"/>
        <line num="5" count="0" type="stmt"/>
        <line num="6" count="0" type="stmt"/>
        <line num="8" count="0" type="stmt"/>
        <line num="9" count="0" type="stmt"/>
        <line num="11" count="0" type="cond" truecount="0" falsecount="4"/>
        <line num="12" count="0" type="stmt"/>
        <line num="16" count="0" type="stmt"/>
        <line num="17" count="0" type="stmt"/>
      </file>
      <file name="useVisualMode.js" path="/home/labber/lighthouse/projects/scheduler/src/hooks/useVisualMode.js">
        <metrics statements="6" coveredstatements="6" conditionals="5" coveredconditionals="5" methods="5" coveredmethods="5"/>
        <line num="4" count="15" type="stmt"/>
        <line num="7" count="5" type="stmt"/>
        <line num="8" count="5" type="cond" truecount="2" falsecount="0"/>
        <line num="13" count="4" type="cond" truecount="2" falsecount="0"/>
        <line num="14" count="3" type="stmt"/>
        <line num="18" count="15" type="stmt"/>
      </file>
    </package>
    <package name="src.reducers">
      <metrics statements="15" coveredstatements="6" conditionals="16" coveredconditionals="5" methods="4" coveredmethods="1"/>
      <file name="application.js" path="/home/labber/lighthouse/projects/scheduler/src/reducers/application.js">
        <metrics statements="15" coveredstatements="6" conditionals="16" coveredconditionals="5" methods="4" coveredmethods="1"/>
        <line num="1" count="2" type="stmt"/>
        <line num="2" count="2" type="stmt"/>
        <line num="3" count="2" type="stmt"/>
        <line num="6" count="2" type="cond" truecount="2" falsecount="2"/>
        <line num="8" count="0" type="stmt"/>
        <line num="10" count="1" type="stmt"/>
        <line num="17" count="0" type="stmt"/>
        <line num="22" count="0" type="stmt"/>
        <line num="27" count="0" type="stmt"/>
        <line num="28" count="0" type="stmt"/>
        <line num="30" count="0" type="cond" truecount="0" falsecount="2"/>
        <line num="34" count="0" type="stmt"/>
        <line num="35" count="0" type="cond" truecount="0" falsecount="2"/>
        <line num="43" count="0" type="stmt"/>
        <line num="50" count="1" type="stmt"/>
      </file>
    </package>
  </project>
</coverage>
