{"/home/labber/lighthouse/projects/scheduler/src/main.jsx": {"path":"/home/labber/lighthouse/projects/scheduler/src/main.jsx","statementMap":{"0":{"start":{"line":8,"column":13},"end":{"line":8,"column":65}},"1":{"start":{"line":9,"column":0},"end":{"line":13,"column":2}}},"fnMap":{},"branchMap":{},"s":{"0":0,"1":0},"f":{},"b":{}}
,"/home/labber/lighthouse/projects/scheduler/src/setupTests.js": {"path":"/home/labber/lighthouse/projects/scheduler/src/setupTests.js","statementMap":{},"fnMap":{},"branchMap":{},"s":{},"f":{},"b":{}}
,"/home/labber/lighthouse/projects/scheduler/src/components/Application.jsx": {"path":"/home/labber/lighthouse/projects/scheduler/src/components/Application.jsx","statementMap":{"0":{"start":{"line":17,"column":4},"end":{"line":17,"column":24}},"1":{"start":{"line":19,"column":23},"end":{"line":19,"column":62}},"2":{"start":{"line":21,"column":23},"end":{"line":35,"column":3}},"3":{"start":{"line":23,"column":6},"end":{"line":33,"column":8}},"4":{"start":{"line":38,"column":22},"end":{"line":48,"column":3}},"5":{"start":{"line":39,"column":4},"end":{"line":47,"column":67}},"6":{"start":{"line":41,"column":8},"end":{"line":45,"column":9}},"7":{"start":{"line":42,"column":10},"end":{"line":42,"column":35}},"8":{"start":{"line":44,"column":10},"end":{"line":44,"column":42}},"9":{"start":{"line":47,"column":24},"end":{"line":47,"column":65}},"10":{"start":{"line":50,"column":2},"end":{"line":76,"column":4}}},"fnMap":{"0":{"name":"Application","decl":{"start":{"line":15,"column":24},"end":{"line":15,"column":35}},"loc":{"start":{"line":15,"column":43},"end":{"line":77,"column":1}},"line":15},"1":{"name":"(anonymous_1)","decl":{"start":{"line":22,"column":4},"end":{"line":22,"column":5}},"loc":{"start":{"line":22,"column":21},"end":{"line":34,"column":5}},"line":22},"2":{"name":"(anonymous_2)","decl":{"start":{"line":38,"column":22},"end":{"line":38,"column":23}},"loc":{"start":{"line":38,"column":28},"end":{"line":48,"column":3}},"line":38},"3":{"name":"(anonymous_3)","decl":{"start":{"line":40,"column":12},"end":{"line":40,"column":13}},"loc":{"start":{"line":40,"column":21},"end":{"line":46,"column":7}},"line":40},"4":{"name":"(anonymous_4)","decl":{"start":{"line":47,"column":13},"end":{"line":47,"column":14}},"loc":{"start":{"line":47,"column":24},"end":{"line":47,"column":65}},"line":47}},"branchMap":{"0":{"loc":{"start":{"line":41,"column":8},"end":{"line":45,"column":9}},"type":"if","locations":[{"start":{"line":41,"column":8},"end":{"line":45,"column":9}},{"start":{"line":43,"column":15},"end":{"line":45,"column":9}}],"line":41}},"s":{"0":2,"1":2,"2":2,"3":0,"4":2,"5":0,"6":0,"7":0,"8":0,"9":0,"10":2},"f":{"0":2,"1":0,"2":0,"3":0,"4":0},"b":{"0":[0,0]},"_coverageSchema":"1a1c01bbd47fc00a2c39e90264f33305004495a9","hash":"ab34ceb8359902ee33d3896b73fd246d83b1be2b"}
,"/home/labber/lighthouse/projects/scheduler/src/components/Button.jsx": {"path":"/home/labber/lighthouse/projects/scheduler/src/components/Button.jsx","statementMap":{"0":{"start":{"line":6,"column":22},"end":{"line":9,"column":4}},"1":{"start":{"line":11,"column":2},"end":{"line":19,"column":4}}},"fnMap":{"0":{"name":"Button","decl":{"start":{"line":5,"column":24},"end":{"line":5,"column":30}},"loc":{"start":{"line":5,"column":38},"end":{"line":20,"column":1}},"line":5}},"branchMap":{},"s":{"0":29,"1":29},"f":{"0":29},"b":{},"_coverageSchema":"1a1c01bbd47fc00a2c39e90264f33305004495a9","hash":"132ef3adf09144723b5f9a7d470b9d6a9f814fda"}
,"/home/labber/lighthouse/projects/scheduler/src/components/DayList.jsx": {"path":"/home/labber/lighthouse/projects/scheduler/src/components/DayList.jsx","statementMap":{"0":{"start":{"line":4,"column":15},"end":{"line":14,"column":4}},"1":{"start":{"line":5,"column":4},"end":{"line":13,"column":6}},"2":{"start":{"line":16,"column":2},"end":{"line":16,"column":25}}},"fnMap":{"0":{"name":"DayList","decl":{"start":{"line":3,"column":24},"end":{"line":3,"column":31}},"loc":{"start":{"line":3,"column":39},"end":{"line":17,"column":1}},"line":3},"1":{"name":"(anonymous_1)","decl":{"start":{"line":4,"column":30},"end":{"line":4,"column":31}},"loc":{"start":{"line":4,"column":37},"end":{"line":14,"column":3}},"line":4}},"branchMap":{},"s":{"0":2,"1":2,"2":2},"f":{"0":2,"1":2},"b":{},"_coverageSchema":"1a1c01bbd47fc00a2c39e90264f33305004495a9","hash":"0f9e930ebfaaaed1f2558a8c8f45fc3af28c693f"}
,"/home/labber/lighthouse/projects/scheduler/src/components/DayListItem.jsx": {"path":"/home/labber/lighthouse/projects/scheduler/src/components/DayListItem.jsx","statementMap":{"0":{"start":{"line":6,"column":2},"end":{"line":6,"column":48}},"1":{"start":{"line":6,"column":20},"end":{"line":6,"column":48}},"2":{"start":{"line":7,"column":2},"end":{"line":7,"column":46}},"3":{"start":{"line":7,"column":20},"end":{"line":7,"column":46}},"4":{"start":{"line":9,"column":2},"end":{"line":9,"column":37}},"5":{"start":{"line":13,"column":19},"end":{"line":16,"column":4}},"6":{"start":{"line":18,"column":2},"end":{"line":27,"column":4}},"7":{"start":{"line":21,"column":21},"end":{"line":21,"column":45}}},"fnMap":{"0":{"name":"formatSpots","decl":{"start":{"line":5,"column":16},"end":{"line":5,"column":27}},"loc":{"start":{"line":5,"column":36},"end":{"line":10,"column":1}},"line":5},"1":{"name":"DayListItem","decl":{"start":{"line":12,"column":24},"end":{"line":12,"column":35}},"loc":{"start":{"line":12,"column":43},"end":{"line":28,"column":1}},"line":12},"2":{"name":"(anonymous_2)","decl":{"start":{"line":21,"column":15},"end":{"line":21,"column":16}},"loc":{"start":{"line":21,"column":21},"end":{"line":21,"column":45}},"line":21}},"branchMap":{"0":{"loc":{"start":{"line":6,"column":2},"end":{"line":6,"column":48}},"type":"if","locations":[{"start":{"line":6,"column":2},"end":{"line":6,"column":48}},{"start":{},"end":{}}],"line":6},"1":{"loc":{"start":{"line":7,"column":2},"end":{"line":7,"column":46}},"type":"if","locations":[{"start":{"line":7,"column":2},"end":{"line":7,"column":46}},{"start":{},"end":{}}],"line":7}},"s":{"0":2,"1":0,"2":2,"3":1,"4":1,"5":2,"6":2,"7":0},"f":{"0":2,"1":2,"2":0},"b":{"0":[0,2],"1":[1,1]},"_coverageSchema":"1a1c01bbd47fc00a2c39e90264f33305004495a9","hash":"57d26d6e910cce32dd83d8b15844c7f3217bcad6"}
,"/home/labber/lighthouse/projects/scheduler/src/components/InterviewerList.jsx": {"path":"/home/labber/lighthouse/projects/scheduler/src/components/InterviewerList.jsx","statementMap":{"0":{"start":{"line":7,"column":23},"end":{"line":18,"column":4}},"1":{"start":{"line":8,"column":4},"end":{"line":17,"column":6}},"2":{"start":{"line":15,"column":33},"end":{"line":15,"column":63}},"3":{"start":{"line":20,"column":2},"end":{"line":25,"column":4}},"4":{"start":{"line":28,"column":0},"end":{"line":30,"column":2}}},"fnMap":{"0":{"name":"InterviewerList","decl":{"start":{"line":6,"column":9},"end":{"line":6,"column":24}},"loc":{"start":{"line":6,"column":32},"end":{"line":26,"column":1}},"line":6},"1":{"name":"(anonymous_1)","decl":{"start":{"line":7,"column":46},"end":{"line":7,"column":47}},"loc":{"start":{"line":7,"column":61},"end":{"line":18,"column":3}},"line":7},"2":{"name":"(anonymous_2)","decl":{"start":{"line":15,"column":24},"end":{"line":15,"column":25}},"loc":{"start":{"line":15,"column":33},"end":{"line":15,"column":63}},"line":15}},"branchMap":{},"s":{"0":13,"1":13,"2":0,"3":13,"4":2},"f":{"0":13,"1":13,"2":0},"b":{},"_coverageSchema":"1a1c01bbd47fc00a2c39e90264f33305004495a9","hash":"db23edb9f0595c6b59ea7db9dec9c415a2711b08"}
,"/home/labber/lighthouse/projects/scheduler/src/components/InterviewerListItem.jsx": {"path":"/home/labber/lighthouse/projects/scheduler/src/components/InterviewerListItem.jsx","statementMap":{"0":{"start":{"line":6,"column":20},"end":{"line":8,"column":4}},"1":{"start":{"line":10,"column":2},"end":{"line":19,"column":4}}},"fnMap":{"0":{"name":"InterviewerItem","decl":{"start":{"line":5,"column":24},"end":{"line":5,"column":39}},"loc":{"start":{"line":5,"column":47},"end":{"line":20,"column":1}},"line":5}},"branchMap":{"0":{"loc":{"start":{"line":17,"column":7},"end":{"line":17,"column":35}},"type":"binary-expr","locations":[{"start":{"line":17,"column":7},"end":{"line":17,"column":21}},{"start":{"line":17,"column":25},"end":{"line":17,"column":35}}],"line":17}},"s":{"0":13,"1":13},"f":{"0":13},"b":{"0":[13,7]},"_coverageSchema":"1a1c01bbd47fc00a2c39e90264f33305004495a9","hash":"8c1dccd1b1c81d13a33a43430c1beb87db7859d2"}
,"/home/labber/lighthouse/projects/scheduler/src/components/Appointment/Confirm.jsx": {"path":"/home/labber/lighthouse/projects/scheduler/src/components/Appointment/Confirm.jsx","statementMap":{"0":{"start":{"line":4,"column":2},"end":{"line":16,"column":4}}},"fnMap":{"0":{"name":"Confirm","decl":{"start":{"line":3,"column":24},"end":{"line":3,"column":31}},"loc":{"start":{"line":3,"column":39},"end":{"line":17,"column":1}},"line":3}},"branchMap":{},"s":{"0":0},"f":{"0":0},"b":{},"_coverageSchema":"1a1c01bbd47fc00a2c39e90264f33305004495a9","hash":"6bf0609cdc2a22eaa5f2ee772aa811c66ca20a1b"}
,"/home/labber/lighthouse/projects/scheduler/src/components/Appointment/Empty.jsx": {"path":"/home/labber/lighthouse/projects/scheduler/src/components/Appointment/Empty.jsx","statementMap":{"0":{"start":{"line":2,"column":2},"end":{"line":11,"column":4}}},"fnMap":{"0":{"name":"Empty","decl":{"start":{"line":1,"column":24},"end":{"line":1,"column":29}},"loc":{"start":{"line":1,"column":37},"end":{"line":12,"column":1}},"line":1}},"branchMap":{},"s":{"0":2},"f":{"0":2},"b":{},"_coverageSchema":"1a1c01bbd47fc00a2c39e90264f33305004495a9","hash":"210e507c4ff1087b0c1e5bf475e416e59fe66dd8"}
,"/home/labber/lighthouse/projects/scheduler/src/components/Appointment/Error.jsx": {"path":"/home/labber/lighthouse/projects/scheduler/src/components/Appointment/Error.jsx","statementMap":{"0":{"start":{"line":2,"column":2},"end":{"line":15,"column":4}}},"fnMap":{"0":{"name":"Error","decl":{"start":{"line":1,"column":24},"end":{"line":1,"column":29}},"loc":{"start":{"line":1,"column":37},"end":{"line":16,"column":1}},"line":1}},"branchMap":{},"s":{"0":0},"f":{"0":0},"b":{},"_coverageSchema":"1a1c01bbd47fc00a2c39e90264f33305004495a9","hash":"a2b7c84869bcb04d6b9be5ecc2221d4179d01a57"}
,"/home/labber/lighthouse/projects/scheduler/src/components/Appointment/Form.jsx": {"path":"/home/labber/lighthouse/projects/scheduler/src/components/Appointment/Form.jsx","statementMap":{"0":{"start":{"line":6,"column":26},"end":{"line":6,"column":52}},"1":{"start":{"line":7,"column":40},"end":{"line":9,"column":3}},"2":{"start":{"line":10,"column":28},"end":{"line":10,"column":40}},"3":{"start":{"line":16,"column":4},"end":{"line":19,"column":5}},"4":{"start":{"line":17,"column":6},"end":{"line":17,"column":48}},"5":{"start":{"line":18,"column":6},"end":{"line":18,"column":13}},"6":{"start":{"line":21,"column":4},"end":{"line":24,"column":5}},"7":{"start":{"line":22,"column":6},"end":{"line":22,"column":48}},"8":{"start":{"line":23,"column":6},"end":{"line":23,"column":13}},"9":{"start":{"line":26,"column":4},"end":{"line":26,"column":17}},"10":{"start":{"line":27,"column":4},"end":{"line":27,"column":36}},"11":{"start":{"line":34,"column":4},"end":{"line":34,"column":16}},"12":{"start":{"line":35,"column":4},"end":{"line":35,"column":25}},"13":{"start":{"line":36,"column":4},"end":{"line":36,"column":17}},"14":{"start":{"line":43,"column":4},"end":{"line":43,"column":12}},"15":{"start":{"line":44,"column":4},"end":{"line":44,"column":21}},"16":{"start":{"line":47,"column":2},"end":{"line":79,"column":4}},"17":{"start":{"line":50,"column":54},"end":{"line":50,"column":76}},"18":{"start":{"line":57,"column":33},"end":{"line":57,"column":60}}},"fnMap":{"0":{"name":"Form","decl":{"start":{"line":5,"column":24},"end":{"line":5,"column":28}},"loc":{"start":{"line":5,"column":36},"end":{"line":80,"column":1}},"line":5},"1":{"name":"validateAndSave","decl":{"start":{"line":15,"column":11},"end":{"line":15,"column":26}},"loc":{"start":{"line":15,"column":29},"end":{"line":28,"column":3}},"line":15},"2":{"name":"reset","decl":{"start":{"line":33,"column":11},"end":{"line":33,"column":16}},"loc":{"start":{"line":33,"column":19},"end":{"line":37,"column":3}},"line":33},"3":{"name":"cancel","decl":{"start":{"line":42,"column":11},"end":{"line":42,"column":17}},"loc":{"start":{"line":42,"column":20},"end":{"line":45,"column":3}},"line":42},"4":{"name":"(anonymous_4)","decl":{"start":{"line":50,"column":43},"end":{"line":50,"column":44}},"loc":{"start":{"line":50,"column":54},"end":{"line":50,"column":76}},"line":50},"5":{"name":"(anonymous_5)","decl":{"start":{"line":57,"column":22},"end":{"line":57,"column":23}},"loc":{"start":{"line":57,"column":33},"end":{"line":57,"column":60}},"line":57}},"branchMap":{"0":{"loc":{"start":{"line":6,"column":35},"end":{"line":6,"column":51}},"type":"binary-expr","locations":[{"start":{"line":6,"column":35},"end":{"line":6,"column":45}},{"start":{"line":6,"column":49},"end":{"line":6,"column":51}}],"line":6},"1":{"loc":{"start":{"line":8,"column":4},"end":{"line":8,"column":62}},"type":"cond-expr","locations":[{"start":{"line":8,"column":38},"end":{"line":8,"column":55}},{"start":{"line":8,"column":58},"end":{"line":8,"column":62}}],"line":8},"2":{"loc":{"start":{"line":16,"column":4},"end":{"line":19,"column":5}},"type":"if","locations":[{"start":{"line":16,"column":4},"end":{"line":19,"column":5}},{"start":{},"end":{}}],"line":16},"3":{"loc":{"start":{"line":21,"column":4},"end":{"line":24,"column":5}},"type":"if","locations":[{"start":{"line":21,"column":4},"end":{"line":24,"column":5}},{"start":{},"end":{}}],"line":21},"4":{"loc":{"start":{"line":60,"column":11},"end":{"line":60,"column":82}},"type":"binary-expr","locations":[{"start":{"line":60,"column":11},"end":{"line":60,"column":16}},{"start":{"line":60,"column":20},"end":{"line":60,"column":82}}],"line":60}},"s":{"0":14,"1":14,"2":14,"3":6,"4":2,"5":2,"6":4,"7":1,"8":1,"9":3,"10":3,"11":0,"12":0,"13":0,"14":0,"15":0,"16":14,"17":0,"18":2},"f":{"0":14,"1":6,"2":0,"3":0,"4":0,"5":2},"b":{"0":[14,10],"1":[8,6],"2":[2,4],"3":[1,3],"4":[14,4]},"_coverageSchema":"1a1c01bbd47fc00a2c39e90264f33305004495a9","hash":"692059385b1c2c245ba6d21018195a3abd913300"}
,"/home/labber/lighthouse/projects/scheduler/src/components/Appointment/Header.jsx": {"path":"/home/labber/lighthouse/projects/scheduler/src/components/Appointment/Header.jsx","statementMap":{"0":{"start":{"line":2,"column":2},"end":{"line":7,"column":4}}},"fnMap":{"0":{"name":"Header","decl":{"start":{"line":1,"column":24},"end":{"line":1,"column":30}},"loc":{"start":{"line":1,"column":38},"end":{"line":8,"column":1}},"line":1}},"branchMap":{},"s":{"0":2},"f":{"0":2},"b":{},"_coverageSchema":"1a1c01bbd47fc00a2c39e90264f33305004495a9","hash":"9d58abdc700bcc2b997efcfd201ce819f023afb2"}
,"/home/labber/lighthouse/projects/scheduler/src/components/Appointment/Show.jsx": {"path":"/home/labber/lighthouse/projects/scheduler/src/components/Appointment/Show.jsx","statementMap":{"0":{"start":{"line":2,"column":2},"end":{"line":30,"column":4}}},"fnMap":{"0":{"name":"Show","decl":{"start":{"line":1,"column":24},"end":{"line":1,"column":28}},"loc":{"start":{"line":1,"column":36},"end":{"line":31,"column":1}},"line":1}},"branchMap":{"0":{"loc":{"start":{"line":9,"column":13},"end":{"line":9,"column":56}},"type":"binary-expr","locations":[{"start":{"line":9,"column":13},"end":{"line":9,"column":30}},{"start":{"line":9,"column":34},"end":{"line":9,"column":56}}],"line":9}},"s":{"0":0},"f":{"0":0},"b":{"0":[0,0]},"_coverageSchema":"1a1c01bbd47fc00a2c39e90264f33305004495a9","hash":"2580645b9acebbd020cb837d7bb2e1d7f7c772eb"}
,"/home/labber/lighthouse/projects/scheduler/src/components/Appointment/Status.jsx": {"path":"/home/labber/lighthouse/projects/scheduler/src/components/Appointment/Status.jsx","statementMap":{"0":{"start":{"line":2,"column":2},"end":{"line":11,"column":4}}},"fnMap":{"0":{"name":"Status","decl":{"start":{"line":1,"column":24},"end":{"line":1,"column":30}},"loc":{"start":{"line":1,"column":38},"end":{"line":12,"column":1}},"line":1}},"branchMap":{},"s":{"0":0},"f":{"0":0},"b":{},"_coverageSchema":"1a1c01bbd47fc00a2c39e90264f33305004495a9","hash":"4464b3c8780052bf2e909e16ef11c19a556d9f1f"}
,"/home/labber/lighthouse/projects/scheduler/src/components/Appointment/index.jsx": {"path":"/home/labber/lighthouse/projects/scheduler/src/components/Appointment/index.jsx","statementMap":{"0":{"start":{"line":16,"column":16},"end":{"line":16,"column":23}},"1":{"start":{"line":17,"column":15},"end":{"line":17,"column":21}},"2":{"start":{"line":18,"column":17},"end":{"line":18,"column":25}},"3":{"start":{"line":19,"column":15},"end":{"line":19,"column":21}},"4":{"start":{"line":20,"column":17},"end":{"line":20,"column":25}},"5":{"start":{"line":21,"column":19},"end":{"line":21,"column":29}},"6":{"start":{"line":22,"column":18},"end":{"line":22,"column":27}},"7":{"start":{"line":23,"column":21},"end":{"line":23,"column":33}},"8":{"start":{"line":24,"column":23},"end":{"line":24,"column":37}},"9":{"start":{"line":26,"column":37},"end":{"line":28,"column":3}},"10":{"start":{"line":31,"column":42},"end":{"line":31,"column":54}},"11":{"start":{"line":41,"column":4},"end":{"line":45,"column":5}},"12":{"start":{"line":42,"column":6},"end":{"line":42,"column":29}},"13":{"start":{"line":43,"column":6},"end":{"line":43,"column":35}},"14":{"start":{"line":44,"column":6},"end":{"line":44,"column":13}},"15":{"start":{"line":47,"column":22},"end":{"line":47,"column":52}},"16":{"start":{"line":49,"column":4},"end":{"line":49,"column":50}},"17":{"start":{"line":51,"column":4},"end":{"line":51,"column":23}},"18":{"start":{"line":53,"column":4},"end":{"line":59,"column":9}},"19":{"start":{"line":55,"column":18},"end":{"line":55,"column":34}},"20":{"start":{"line":57,"column":8},"end":{"line":57,"column":75}},"21":{"start":{"line":58,"column":8},"end":{"line":58,"column":37}},"22":{"start":{"line":63,"column":4},"end":{"line":63,"column":59}},"23":{"start":{"line":64,"column":4},"end":{"line":64,"column":31}},"24":{"start":{"line":66,"column":4},"end":{"line":72,"column":9}},"25":{"start":{"line":68,"column":18},"end":{"line":68,"column":35}},"26":{"start":{"line":70,"column":8},"end":{"line":70,"column":77}},"27":{"start":{"line":71,"column":8},"end":{"line":71,"column":39}},"28":{"start":{"line":75,"column":2},"end":{"line":147,"column":4}},"29":{"start":{"line":82,"column":12},"end":{"line":82,"column":56}},"30":{"start":{"line":83,"column":12},"end":{"line":83,"column":31}},"31":{"start":{"line":92,"column":29},"end":{"line":92,"column":75}},"32":{"start":{"line":95,"column":12},"end":{"line":95,"column":47}},"33":{"start":{"line":96,"column":12},"end":{"line":96,"column":32}},"34":{"start":{"line":99,"column":12},"end":{"line":99,"column":45}},"35":{"start":{"line":100,"column":12},"end":{"line":100,"column":29}},"36":{"start":{"line":109,"column":12},"end":{"line":109,"column":62}},"37":{"start":{"line":110,"column":12},"end":{"line":110,"column":19}},"38":{"start":{"line":122,"column":12},"end":{"line":122,"column":60}},"39":{"start":{"line":123,"column":12},"end":{"line":123,"column":19}},"40":{"start":{"line":136,"column":12},"end":{"line":136,"column":48}},"41":{"start":{"line":137,"column":12},"end":{"line":137,"column":19}}},"fnMap":{"0":{"name":"Appointment","decl":{"start":{"line":14,"column":24},"end":{"line":14,"column":35}},"loc":{"start":{"line":14,"column":43},"end":{"line":148,"column":1}},"line":14},"1":{"name":"save","decl":{"start":{"line":40,"column":11},"end":{"line":40,"column":15}},"loc":{"start":{"line":40,"column":47},"end":{"line":60,"column":3}},"line":40},"2":{"name":"(anonymous_2)","decl":{"start":{"line":55,"column":12},"end":{"line":55,"column":13}},"loc":{"start":{"line":55,"column":18},"end":{"line":55,"column":34}},"line":55},"3":{"name":"(anonymous_3)","decl":{"start":{"line":56,"column":13},"end":{"line":56,"column":14}},"loc":{"start":{"line":56,"column":19},"end":{"line":59,"column":7}},"line":56},"4":{"name":"destroy","decl":{"start":{"line":62,"column":11},"end":{"line":62,"column":18}},"loc":{"start":{"line":62,"column":21},"end":{"line":73,"column":3}},"line":62},"5":{"name":"(anonymous_5)","decl":{"start":{"line":68,"column":12},"end":{"line":68,"column":13}},"loc":{"start":{"line":68,"column":18},"end":{"line":68,"column":35}},"line":68},"6":{"name":"(anonymous_6)","decl":{"start":{"line":69,"column":13},"end":{"line":69,"column":14}},"loc":{"start":{"line":69,"column":19},"end":{"line":72,"column":7}},"line":69},"7":{"name":"(anonymous_7)","decl":{"start":{"line":81,"column":17},"end":{"line":81,"column":18}},"loc":{"start":{"line":81,"column":23},"end":{"line":84,"column":11}},"line":81},"8":{"name":"(anonymous_8)","decl":{"start":{"line":92,"column":12},"end":{"line":92,"column":13}},"loc":{"start":{"line":92,"column":29},"end":{"line":92,"column":75}},"line":92},"9":{"name":"(anonymous_9)","decl":{"start":{"line":94,"column":20},"end":{"line":94,"column":21}},"loc":{"start":{"line":94,"column":26},"end":{"line":97,"column":11}},"line":94},"10":{"name":"(anonymous_10)","decl":{"start":{"line":98,"column":18},"end":{"line":98,"column":19}},"loc":{"start":{"line":98,"column":24},"end":{"line":101,"column":11}},"line":98},"11":{"name":"(anonymous_11)","decl":{"start":{"line":108,"column":20},"end":{"line":108,"column":21}},"loc":{"start":{"line":108,"column":26},"end":{"line":111,"column":11}},"line":108},"12":{"name":"(anonymous_12)","decl":{"start":{"line":121,"column":20},"end":{"line":121,"column":21}},"loc":{"start":{"line":121,"column":26},"end":{"line":124,"column":11}},"line":121},"13":{"name":"(anonymous_13)","decl":{"start":{"line":135,"column":20},"end":{"line":135,"column":21}},"loc":{"start":{"line":135,"column":26},"end":{"line":138,"column":11}},"line":135}},"branchMap":{"0":{"loc":{"start":{"line":27,"column":4},"end":{"line":27,"column":34}},"type":"cond-expr","locations":[{"start":{"line":27,"column":22},"end":{"line":27,"column":26}},{"start":{"line":27,"column":29},"end":{"line":27,"column":34}}],"line":27},"1":{"loc":{"start":{"line":40,"column":35},"end":{"line":40,"column":45}},"type":"default-arg","locations":[{"start":{"line":40,"column":43},"end":{"line":40,"column":45}}],"line":40},"2":{"loc":{"start":{"line":41,"column":4},"end":{"line":45,"column":5}},"type":"if","locations":[{"start":{"line":41,"column":4},"end":{"line":45,"column":5}},{"start":{},"end":{}}],"line":41},"3":{"loc":{"start":{"line":79,"column":7},"end":{"line":86,"column":7}},"type":"binary-expr","locations":[{"start":{"line":79,"column":7},"end":{"line":79,"column":21}},{"start":{"line":80,"column":8},"end":{"line":85,"column":10}}],"line":79},"4":{"loc":{"start":{"line":88,"column":7},"end":{"line":103,"column":7}},"type":"binary-expr","locations":[{"start":{"line":88,"column":7},"end":{"line":88,"column":20}},{"start":{"line":89,"column":8},"end":{"line":102,"column":10}}],"line":88},"5":{"loc":{"start":{"line":105,"column":7},"end":{"line":114,"column":7}},"type":"binary-expr","locations":[{"start":{"line":105,"column":7},"end":{"line":105,"column":22}},{"start":{"line":106,"column":8},"end":{"line":113,"column":10}}],"line":105},"6":{"loc":{"start":{"line":116,"column":7},"end":{"line":127,"column":7}},"type":"binary-expr","locations":[{"start":{"line":116,"column":7},"end":{"line":116,"column":20}},{"start":{"line":117,"column":8},"end":{"line":126,"column":10}}],"line":116},"7":{"loc":{"start":{"line":129,"column":7},"end":{"line":129,"column":53}},"type":"binary-expr","locations":[{"start":{"line":129,"column":7},"end":{"line":129,"column":22}},{"start":{"line":129,"column":26},"end":{"line":129,"column":53}}],"line":129},"8":{"loc":{"start":{"line":130,"column":7},"end":{"line":130,"column":57}},"type":"binary-expr","locations":[{"start":{"line":130,"column":7},"end":{"line":130,"column":24}},{"start":{"line":130,"column":28},"end":{"line":130,"column":57}}],"line":130},"9":{"loc":{"start":{"line":132,"column":7},"end":{"line":141,"column":7}},"type":"binary-expr","locations":[{"start":{"line":132,"column":7},"end":{"line":132,"column":23}},{"start":{"line":133,"column":8},"end":{"line":140,"column":10}}],"line":132},"10":{"loc":{"start":{"line":143,"column":7},"end":{"line":143,"column":77}},"type":"binary-expr","locations":[{"start":{"line":143,"column":7},"end":{"line":143,"column":26}},{"start":{"line":143,"column":30},"end":{"line":143,"column":77}}],"line":143},"11":{"loc":{"start":{"line":145,"column":7},"end":{"line":145,"column":79}},"type":"binary-expr","locations":[{"start":{"line":145,"column":7},"end":{"line":145,"column":28}},{"start":{"line":145,"column":32},"end":{"line":145,"column":79}}],"line":145}},"s":{"0":2,"1":2,"2":2,"3":2,"4":2,"5":2,"6":2,"7":2,"8":2,"9":2,"10":2,"11":0,"12":0,"13":0,"14":0,"15":0,"16":0,"17":0,"18":0,"19":0,"20":0,"21":0,"22":0,"23":0,"24":0,"25":0,"26":0,"27":0,"28":2,"29":0,"30":0,"31":0,"32":0,"33":0,"34":0,"35":0,"36":0,"37":0,"38":0,"39":0,"40":0,"41":0},"f":{"0":2,"1":0,"2":0,"3":0,"4":0,"5":0,"6":0,"7":0,"8":0,"9":0,"10":0,"11":0,"12":0,"13":0},"b":{"0":[0,2],"1":[0],"2":[0,0],"3":[2,2],"4":[2,0],"5":[2,0],"6":[2,0],"7":[2,0],"8":[2,0],"9":[2,0],"10":[2,0],"11":[2,0]},"_coverageSchema":"1a1c01bbd47fc00a2c39e90264f33305004495a9","hash":"6c5c8219b9e21b0104cef91a9fd7cc08c32ff249"}
,"/home/labber/lighthouse/projects/scheduler/src/helpers/selectors.js": {"path":"/home/labber/lighthouse/projects/scheduler/src/helpers/selectors.js","statementMap":{"0":{"start":{"line":2,"column":2},"end":{"line":2,"column":59}},"1":{"start":{"line":2,"column":49},"end":{"line":2,"column":59}},"2":{"start":{"line":4,"column":16},"end":{"line":4,"column":54}},"3":{"start":{"line":4,"column":39},"end":{"line":4,"column":53}},"4":{"start":{"line":6,"column":2},"end":{"line":6,"column":62}},"5":{"start":{"line":6,"column":52},"end":{"line":6,"column":62}},"6":{"start":{"line":8,"column":2},"end":{"line":8,"column":64}},"7":{"start":{"line":8,"column":40},"end":{"line":8,"column":62}},"8":{"start":{"line":12,"column":2},"end":{"line":12,"column":59}},"9":{"start":{"line":12,"column":49},"end":{"line":12,"column":59}},"10":{"start":{"line":14,"column":16},"end":{"line":14,"column":54}},"11":{"start":{"line":14,"column":39},"end":{"line":14,"column":53}},"12":{"start":{"line":16,"column":2},"end":{"line":16,"column":62}},"13":{"start":{"line":16,"column":52},"end":{"line":16,"column":62}},"14":{"start":{"line":18,"column":2},"end":{"line":18,"column":64}},"15":{"start":{"line":18,"column":40},"end":{"line":18,"column":62}},"16":{"start":{"line":22,"column":2},"end":{"line":27,"column":4}}},"fnMap":{"0":{"name":"getAppointmentsForDay","decl":{"start":{"line":1,"column":16},"end":{"line":1,"column":37}},"loc":{"start":{"line":1,"column":50},"end":{"line":9,"column":1}},"line":1},"1":{"name":"(anonymous_1)","decl":{"start":{"line":4,"column":32},"end":{"line":4,"column":33}},"loc":{"start":{"line":4,"column":39},"end":{"line":4,"column":53}},"line":4},"2":{"name":"(anonymous_2)","decl":{"start":{"line":8,"column":32},"end":{"line":8,"column":33}},"loc":{"start":{"line":8,"column":40},"end":{"line":8,"column":62}},"line":8},"3":{"name":"getInterviewersForDay","decl":{"start":{"line":11,"column":16},"end":{"line":11,"column":37}},"loc":{"start":{"line":11,"column":50},"end":{"line":19,"column":1}},"line":11},"4":{"name":"(anonymous_4)","decl":{"start":{"line":14,"column":32},"end":{"line":14,"column":33}},"loc":{"start":{"line":14,"column":39},"end":{"line":14,"column":53}},"line":14},"5":{"name":"(anonymous_5)","decl":{"start":{"line":18,"column":32},"end":{"line":18,"column":33}},"loc":{"start":{"line":18,"column":40},"end":{"line":18,"column":62}},"line":18},"6":{"name":"getInterview","decl":{"start":{"line":21,"column":16},"end":{"line":21,"column":28}},"loc":{"start":{"line":21,"column":47},"end":{"line":28,"column":1}},"line":21}},"branchMap":{"0":{"loc":{"start":{"line":2,"column":2},"end":{"line":2,"column":59}},"type":"if","locations":[{"start":{"line":2,"column":2},"end":{"line":2,"column":59}},{"start":{},"end":{}}],"line":2},"1":{"loc":{"start":{"line":2,"column":6},"end":{"line":2,"column":47}},"type":"binary-expr","locations":[{"start":{"line":2,"column":6},"end":{"line":2,"column":17}},{"start":{"line":2,"column":21},"end":{"line":2,"column":47}}],"line":2},"2":{"loc":{"start":{"line":6,"column":2},"end":{"line":6,"column":62}},"type":"if","locations":[{"start":{"line":6,"column":2},"end":{"line":6,"column":62}},{"start":{},"end":{}}],"line":6},"3":{"loc":{"start":{"line":6,"column":6},"end":{"line":6,"column":50}},"type":"binary-expr","locations":[{"start":{"line":6,"column":6},"end":{"line":6,"column":12}},{"start":{"line":6,"column":16},"end":{"line":6,"column":50}}],"line":6},"4":{"loc":{"start":{"line":12,"column":2},"end":{"line":12,"column":59}},"type":"if","locations":[{"start":{"line":12,"column":2},"end":{"line":12,"column":59}},{"start":{},"end":{}}],"line":12},"5":{"loc":{"start":{"line":12,"column":6},"end":{"line":12,"column":47}},"type":"binary-expr","locations":[{"start":{"line":12,"column":6},"end":{"line":12,"column":17}},{"start":{"line":12,"column":21},"end":{"line":12,"column":47}}],"line":12},"6":{"loc":{"start":{"line":16,"column":2},"end":{"line":16,"column":62}},"type":"if","locations":[{"start":{"line":16,"column":2},"end":{"line":16,"column":62}},{"start":{},"end":{}}],"line":16},"7":{"loc":{"start":{"line":16,"column":6},"end":{"line":16,"column":50}},"type":"binary-expr","locations":[{"start":{"line":16,"column":6},"end":{"line":16,"column":12}},{"start":{"line":16,"column":16},"end":{"line":16,"column":50}}],"line":16},"8":{"loc":{"start":{"line":23,"column":4},"end":{"line":26,"column":5}},"type":"binary-expr","locations":[{"start":{"line":23,"column":4},"end":{"line":23,"column":13}},{"start":{"line":23,"column":17},"end":{"line":26,"column":5}}],"line":23}},"s":{"0":7,"1":0,"2":7,"3":7,"4":7,"5":4,"6":3,"7":8,"8":7,"9":0,"10":7,"11":7,"12":7,"13":3,"14":4,"15":8,"16":2},"f":{"0":7,"1":7,"2":8,"3":7,"4":7,"5":8,"6":2},"b":{"0":[0,7],"1":[7,7],"2":[4,3],"3":[7,4],"4":[0,7],"5":[7,7],"6":[3,4],"7":[7,4],"8":[2,1]},"_coverageSchema":"1a1c01bbd47fc00a2c39e90264f33305004495a9","hash":"20eecd80916ad2614f9b9db5b78a60078d341190"}
,"/home/labber/lighthouse/projects/scheduler/src/hooks/useApplicationData.js": {"path":"/home/labber/lighthouse/projects/scheduler/src/hooks/useApplicationData.js","statementMap":{"0":{"start":{"line":11,"column":28},"end":{"line":16,"column":4}},"1":{"start":{"line":18,"column":17},"end":{"line":18,"column":58}},"2":{"start":{"line":18,"column":26},"end":{"line":18,"column":58}},"3":{"start":{"line":20,"column":2},"end":{"line":35,"column":9}},"4":{"start":{"line":21,"column":4},"end":{"line":34,"column":6}},"5":{"start":{"line":27,"column":8},"end":{"line":32,"column":11}},"6":{"start":{"line":38,"column":4},"end":{"line":44,"column":7}},"7":{"start":{"line":39,"column":6},"end":{"line":43,"column":9}},"8":{"start":{"line":48,"column":4},"end":{"line":54,"column":7}},"9":{"start":{"line":49,"column":6},"end":{"line":53,"column":9}},"10":{"start":{"line":57,"column":2},"end":{"line":62,"column":4}}},"fnMap":{"0":{"name":"useApplicationData","decl":{"start":{"line":10,"column":24},"end":{"line":10,"column":42}},"loc":{"start":{"line":10,"column":45},"end":{"line":63,"column":1}},"line":10},"1":{"name":"(anonymous_1)","decl":{"start":{"line":18,"column":17},"end":{"line":18,"column":18}},"loc":{"start":{"line":18,"column":26},"end":{"line":18,"column":58}},"line":18},"2":{"name":"(anonymous_2)","decl":{"start":{"line":20,"column":12},"end":{"line":20,"column":13}},"loc":{"start":{"line":20,"column":18},"end":{"line":35,"column":3}},"line":20},"3":{"name":"(anonymous_3)","decl":{"start":{"line":26,"column":6},"end":{"line":26,"column":7}},"loc":{"start":{"line":26,"column":76},"end":{"line":33,"column":7}},"line":26},"4":{"name":"bookInterview","decl":{"start":{"line":37,"column":11},"end":{"line":37,"column":24}},"loc":{"start":{"line":37,"column":40},"end":{"line":45,"column":3}},"line":37},"5":{"name":"(anonymous_5)","decl":{"start":{"line":38,"column":68},"end":{"line":38,"column":69}},"loc":{"start":{"line":38,"column":74},"end":{"line":44,"column":5}},"line":38},"6":{"name":"cancelInterview","decl":{"start":{"line":47,"column":11},"end":{"line":47,"column":26}},"loc":{"start":{"line":47,"column":31},"end":{"line":55,"column":3}},"line":47},"7":{"name":"(anonymous_7)","decl":{"start":{"line":48,"column":56},"end":{"line":48,"column":57}},"loc":{"start":{"line":48,"column":62},"end":{"line":54,"column":5}},"line":48}},"branchMap":{},"s":{"0":2,"1":2,"2":0,"3":2,"4":1,"5":1,"6":0,"7":0,"8":0,"9":0,"10":2},"f":{"0":2,"1":0,"2":1,"3":1,"4":0,"5":0,"6":0,"7":0},"b":{},"_coverageSchema":"1a1c01bbd47fc00a2c39e90264f33305004495a9","hash":"38b109a3d8d486a6c4b931f6aea3bf863aa41758"}
,"/home/labber/lighthouse/projects/scheduler/src/hooks/useRealtimeUpdate.js": {"path":"/home/labber/lighthouse/projects/scheduler/src/hooks/useRealtimeUpdate.js","statementMap":{"0":{"start":{"line":5,"column":2},"end":{"line":19,"column":17}},"1":{"start":{"line":6,"column":19},"end":{"line":6,"column":78}},"2":{"start":{"line":8,"column":4},"end":{"line":14,"column":6}},"3":{"start":{"line":9,"column":19},"end":{"line":9,"column":41}},"4":{"start":{"line":11,"column":6},"end":{"line":13,"column":7}},"5":{"start":{"line":12,"column":8},"end":{"line":12,"column":23}},"6":{"start":{"line":16,"column":4},"end":{"line":18,"column":6}},"7":{"start":{"line":17,"column":6},"end":{"line":17,"column":21}}},"fnMap":{"0":{"name":"useRealtimeUpdate","decl":{"start":{"line":4,"column":24},"end":{"line":4,"column":41}},"loc":{"start":{"line":4,"column":52},"end":{"line":20,"column":1}},"line":4},"1":{"name":"(anonymous_1)","decl":{"start":{"line":5,"column":12},"end":{"line":5,"column":13}},"loc":{"start":{"line":5,"column":18},"end":{"line":19,"column":3}},"line":5},"2":{"name":"(anonymous_2)","decl":{"start":{"line":8,"column":23},"end":{"line":8,"column":24}},"loc":{"start":{"line":8,"column":32},"end":{"line":14,"column":5}},"line":8},"3":{"name":"(anonymous_3)","decl":{"start":{"line":16,"column":11},"end":{"line":16,"column":12}},"loc":{"start":{"line":16,"column":17},"end":{"line":18,"column":5}},"line":16}},"branchMap":{"0":{"loc":{"start":{"line":11,"column":6},"end":{"line":13,"column":7}},"type":"if","locations":[{"start":{"line":11,"column":6},"end":{"line":13,"column":7}},{"start":{},"end":{}}],"line":11},"1":{"loc":{"start":{"line":11,"column":10},"end":{"line":11,"column":65}},"type":"binary-expr","locations":[{"start":{"line":11,"column":10},"end":{"line":11,"column":34}},{"start":{"line":11,"column":38},"end":{"line":11,"column":65}}],"line":11}},"s":{"0":0,"1":0,"2":0,"3":0,"4":0,"5":0,"6":0,"7":0},"f":{"0":0,"1":0,"2":0,"3":0},"b":{"0":[0,0],"1":[0,0]}}
,"/home/labber/lighthouse/projects/scheduler/src/hooks/useVisualMode.js": {"path":"/home/labber/lighthouse/projects/scheduler/src/hooks/useVisualMode.js","statementMap":{"0":{"start":{"line":4,"column":32},"end":{"line":4,"column":51}},"1":{"start":{"line":7,"column":4},"end":{"line":9,"column":6}},"2":{"start":{"line":8,"column":6},"end":{"line":8,"column":81}},"3":{"start":{"line":13,"column":4},"end":{"line":15,"column":5}},"4":{"start":{"line":14,"column":6},"end":{"line":14,"column":59}},"5":{"start":{"line":14,"column":27},"end":{"line":14,"column":57}},"6":{"start":{"line":18,"column":2},"end":{"line":18,"column":65}}},"fnMap":{"0":{"name":"useVisualMode","decl":{"start":{"line":3,"column":24},"end":{"line":3,"column":37}},"loc":{"start":{"line":3,"column":47},"end":{"line":19,"column":1}},"line":3},"1":{"name":"transition","decl":{"start":{"line":6,"column":11},"end":{"line":6,"column":21}},"loc":{"start":{"line":6,"column":48},"end":{"line":10,"column":3}},"line":6},"2":{"name":"(anonymous_2)","decl":{"start":{"line":7,"column":15},"end":{"line":7,"column":16}},"loc":{"start":{"line":8,"column":6},"end":{"line":8,"column":81}},"line":8},"3":{"name":"back","decl":{"start":{"line":12,"column":11},"end":{"line":12,"column":15}},"loc":{"start":{"line":12,"column":18},"end":{"line":16,"column":3}},"line":12},"4":{"name":"(anonymous_4)","decl":{"start":{"line":14,"column":17},"end":{"line":14,"column":18}},"loc":{"start":{"line":14,"column":27},"end":{"line":14,"column":57}},"line":14}},"branchMap":{"0":{"loc":{"start":{"line":6,"column":31},"end":{"line":6,"column":46}},"type":"default-arg","locations":[{"start":{"line":6,"column":41},"end":{"line":6,"column":46}}],"line":6},"1":{"loc":{"start":{"line":8,"column":6},"end":{"line":8,"column":81}},"type":"cond-expr","locations":[{"start":{"line":8,"column":16},"end":{"line":8,"column":60}},{"start":{"line":8,"column":63},"end":{"line":8,"column":81}}],"line":8},"2":{"loc":{"start":{"line":13,"column":4},"end":{"line":15,"column":5}},"type":"if","locations":[{"start":{"line":13,"column":4},"end":{"line":15,"column":5}},{"start":{},"end":{}}],"line":13}},"s":{"0":15,"1":5,"2":5,"3":4,"4":3,"5":3,"6":15},"f":{"0":15,"1":5,"2":5,"3":4,"4":3},"b":{"0":[4],"1":[1,4],"2":[3,1]},"_coverageSchema":"1a1c01bbd47fc00a2c39e90264f33305004495a9","hash":"c24e570becd60db3c06838129a7f6fe02382d25b"}
,"/home/labber/lighthouse/projects/scheduler/src/reducers/application.js": {"path":"/home/labber/lighthouse/projects/scheduler/src/reducers/application.js","statementMap":{"0":{"start":{"line":1,"column":23},"end":{"line":1,"column":32}},"1":{"start":{"line":2,"column":36},"end":{"line":2,"column":58}},"2":{"start":{"line":3,"column":29},"end":{"line":3,"column":44}},"3":{"start":{"line":6,"column":2},"end":{"line":53,"column":3}},"4":{"start":{"line":8,"column":6},"end":{"line":8,"column":43}},"5":{"start":{"line":10,"column":6},"end":{"line":15,"column":8}},"6":{"start":{"line":17,"column":26},"end":{"line":20,"column":7}},"7":{"start":{"line":22,"column":27},"end":{"line":25,"column":7}},"8":{"start":{"line":27,"column":29},"end":{"line":32,"column":9}},"9":{"start":{"line":28,"column":8},"end":{"line":32,"column":9}},"10":{"start":{"line":30,"column":26},"end":{"line":30,"column":72}},"11":{"start":{"line":34,"column":19},"end":{"line":41,"column":8}},"12":{"start":{"line":35,"column":8},"end":{"line":40,"column":16}},"13":{"start":{"line":43,"column":6},"end":{"line":47,"column":8}},"14":{"start":{"line":50,"column":6},"end":{"line":52,"column":8}}},"fnMap":{"0":{"name":"reducer","decl":{"start":{"line":5,"column":24},"end":{"line":5,"column":31}},"loc":{"start":{"line":5,"column":47},"end":{"line":54,"column":1}},"line":5},"1":{"name":"(anonymous_1)","decl":{"start":{"line":27,"column":29},"end":{"line":27,"column":30}},"loc":{"start":{"line":28,"column":8},"end":{"line":32,"column":9}},"line":28},"2":{"name":"(anonymous_2)","decl":{"start":{"line":30,"column":10},"end":{"line":30,"column":11}},"loc":{"start":{"line":30,"column":26},"end":{"line":30,"column":72}},"line":30},"3":{"name":"(anonymous_3)","decl":{"start":{"line":34,"column":34},"end":{"line":34,"column":35}},"loc":{"start":{"line":34,"column":41},"end":{"line":41,"column":7}},"line":34}},"branchMap":{"0":{"loc":{"start":{"line":6,"column":2},"end":{"line":53,"column":3}},"type":"switch","locations":[{"start":{"line":7,"column":4},"end":{"line":8,"column":43}},{"start":{"line":9,"column":4},"end":{"line":15,"column":8}},{"start":{"line":16,"column":4},"end":{"line":48,"column":5}},{"start":{"line":49,"column":4},"end":{"line":52,"column":8}}],"line":6},"1":{"loc":{"start":{"line":12,"column":14},"end":{"line":12,"column":59}},"type":"cond-expr","locations":[{"start":{"line":12,"column":43},"end":{"line":12,"column":54}},{"start":{"line":12,"column":57},"end":{"line":12,"column":59}}],"line":12},"2":{"loc":{"start":{"line":13,"column":22},"end":{"line":13,"column":47}},"type":"binary-expr","locations":[{"start":{"line":13,"column":22},"end":{"line":13,"column":41}},{"start":{"line":13,"column":45},"end":{"line":13,"column":47}}],"line":13},"3":{"loc":{"start":{"line":14,"column":22},"end":{"line":14,"column":47}},"type":"binary-expr","locations":[{"start":{"line":14,"column":22},"end":{"line":14,"column":41}},{"start":{"line":14,"column":45},"end":{"line":14,"column":47}}],"line":14},"4":{"loc":{"start":{"line":19,"column":19},"end":{"line":19,"column":62}},"type":"binary-expr","locations":[{"start":{"line":19,"column":19},"end":{"line":19,"column":35}},{"start":{"line":19,"column":39},"end":{"line":19,"column":62}}],"line":19},"5":{"loc":{"start":{"line":30,"column":26},"end":{"line":30,"column":72}},"type":"cond-expr","locations":[{"start":{"line":30,"column":55},"end":{"line":30,"column":64}},{"start":{"line":30,"column":67},"end":{"line":30,"column":72}}],"line":30},"6":{"loc":{"start":{"line":35,"column":15},"end":{"line":40,"column":15}},"type":"cond-expr","locations":[{"start":{"line":36,"column":12},"end":{"line":39,"column":13}},{"start":{"line":40,"column":12},"end":{"line":40,"column":15}}],"line":35}},"s":{"0":2,"1":2,"2":2,"3":2,"4":0,"5":1,"6":0,"7":0,"8":0,"9":0,"10":0,"11":0,"12":0,"13":0,"14":1},"f":{"0":2,"1":0,"2":0,"3":0},"b":{"0":[0,1,0,1],"1":[1,0],"2":[1,0],"3":[1,0],"4":[0,0],"5":[0,0],"6":[0,0]},"_coverageSchema":"1a1c01bbd47fc00a2c39e90264f33305004495a9","hash":"035c22ee6f8f1e156a8b74bf045cb32f2fffcfec"}
}
