TN:
SF:src/setupTests.js
FNF:0
FNH:0
LF:0
LH:0
BRF:0
BRH:0
end_of_record
TN:
SF:src/helpers/selectors.js
FN:1,getAppointmentsForDay
FN:4,(anonymous_1)
FN:8,(anonymous_2)
FN:11,getInterviewersForDay
FN:14,(anonymous_4)
FN:18,(anonymous_5)
FN:21,getInterview
FNF:7
FNH:7
FNDA:7,getAppointmentsForDay
FNDA:7,(anonymous_1)
FNDA:8,(anonymous_2)
FNDA:7,getInterviewersForDay
FNDA:7,(anonymous_4)
FNDA:8,(anonymous_5)
FNDA:2,getInterview
DA:2,7
DA:4,7
DA:6,7
DA:8,8
DA:12,7
DA:14,7
DA:16,7
DA:18,8
DA:22,2
LF:9
LH:9
BRDA:2,0,0,0
BRDA:2,0,1,7
BRDA:2,1,0,7
BRDA:2,1,1,7
BRDA:6,2,0,4
BRDA:6,2,1,3
BRDA:6,3,0,7
BRDA:6,3,1,4
BRDA:12,4,0,0
BRDA:12,4,1,7
BRDA:12,5,0,7
BRDA:12,5,1,7
BRDA:16,6,0,3
BRDA:16,6,1,4
BRDA:16,7,0,7
BRDA:16,7,1,4
BRDA:23,8,0,2
BRDA:23,8,1,1
BRF:18
BRH:16
end_of_record
TN:
SF:src/hooks/useApplicationData.js
FN:10,useApplicationData
FN:18,(anonymous_1)
FN:20,(anonymous_2)
FN:26,(anonymous_3)
FN:37,bookInterview
FN:38,(anonymous_5)
FN:47,cancelInterview
FN:48,(anonymous_7)
FNF:8
FNH:3
FNDA:2,useApplicationData
FNDA:0,(anonymous_1)
FNDA:1,(anonymous_2)
FNDA:1,(anonymous_3)
FNDA:0,bookInterview
FNDA:0,(anonymous_5)
FNDA:0,cancelInterview
FNDA:0,(anonymous_7)
DA:11,2
DA:18,2
DA:20,2
DA:21,1
DA:27,1
DA:38,0
DA:39,0
DA:48,0
DA:49,0
DA:57,2
LF:10
LH:6
BRF:0
BRH:0
end_of_record
TN:
SF:src/hooks/useRealtimeUpdate.js
FN:4,useRealtimeUpdate
FN:5,(anonymous_1)
FN:8,(anonymous_2)
FN:16,(anonymous_3)
FNF:4
FNH:0
FNDA:0,useRealtimeUpdate
FNDA:0,(anonymous_1)
FNDA:0,(anonymous_2)
FNDA:0,(anonymous_3)
DA:5,0
DA:6,0
DA:8,0
DA:9,0
DA:11,0
DA:12,0
DA:16,0
DA:17,0
LF:8
LH:0
BRDA:11,0,0,0
BRDA:11,0,1,0
BRDA:11,1,0,0
BRDA:11,1,1,0
BRF:4
BRH:0
end_of_record
TN:
SF:src/hooks/useVisualMode.js
FN:3,useVisualMode
FN:6,transition
FN:7,(anonymous_2)
FN:12,back
FN:14,(anonymous_4)
FNF:5
FNH:5
FNDA:15,useVisualMode
FNDA:5,transition
FNDA:5,(anonymous_2)
FNDA:4,back
FNDA:3,(anonymous_4)
DA:4,15
DA:7,5
DA:8,5
DA:13,4
DA:14,3
DA:18,15
LF:6
LH:6
BRDA:6,0,0,4
BRDA:8,1,0,1
BRDA:8,1,1,4
BRDA:13,2,0,3
BRDA:13,2,1,1
BRF:5
BRH:5
end_of_record
TN:
SF:src/reducers/application.js
FN:5,reducer
FN:27,(anonymous_1)
FN:30,(anonymous_2)
FN:34,(anonymous_3)
FNF:4
FNH:1
FNDA:2,reducer
FNDA:0,(anonymous_1)
FNDA:0,(anonymous_2)
FNDA:0,(anonymous_3)
DA:1,2
DA:2,2
DA:3,2
DA:6,2
DA:8,0
DA:10,1
DA:17,0
DA:22,0
DA:27,0
DA:28,0
DA:30,0
DA:34,0
DA:35,0
DA:43,0
DA:50,1
LF:15
LH:6
BRDA:6,0,0,0
BRDA:6,0,1,1
BRDA:6,0,2,0
BRDA:6,0,3,1
BRDA:12,1,0,1
BRDA:12,1,1,0
BRDA:13,2,0,1
BRDA:13,2,1,0
BRDA:14,3,0,1
BRDA:14,3,1,0
BRDA:19,4,0,0
BRDA:19,4,1,0
BRDA:30,5,0,0
BRDA:30,5,1,0
BRDA:35,6,0,0
BRDA:35,6,1,0
BRF:16
BRH:5
end_of_record
