TN:
SF:src/main.jsx
FNF:0
FNH:0
DA:8,0
DA:9,0
LF:2
LH:0
BRF:0
BRH:0
end_of_record
TN:
SF:src/setupTests.js
FNF:0
FNH:0
LF:0
LH:0
BRF:0
BRH:0
end_of_record
TN:
SF:src/components/Application.jsx
FN:15,Application
FN:22,(anonymous_1)
FN:38,(anonymous_2)
FN:40,(anonymous_3)
FN:47,(anonymous_4)
FNF:5
FNH:1
FNDA:2,Application
FNDA:0,(anonymous_1)
FNDA:0,(anonymous_2)
FNDA:0,(anonymous_3)
FNDA:0,(anonymous_4)
DA:17,2
DA:19,2
DA:21,2
DA:23,0
DA:38,2
DA:39,0
DA:41,0
DA:42,0
DA:44,0
DA:47,0
DA:50,2
LF:11
LH:5
BRDA:41,0,0,0
BRDA:41,0,1,0
BRF:2
BRH:0
end_of_record
TN:
SF:src/components/Button.jsx
FN:5,Button
FNF:1
FNH:1
FNDA:29,Button
DA:6,29
DA:11,29
LF:2
LH:2
BRF:0
BRH:0
end_of_record
TN:
SF:src/components/DayList.jsx
FN:3,DayList
FN:4,(anonymous_1)
FNF:2
FNH:2
FNDA:2,DayList
FNDA:2,(anonymous_1)
DA:4,2
DA:5,2
DA:16,2
LF:3
LH:3
BRF:0
BRH:0
end_of_record
TN:
SF:src/components/DayListItem.jsx
FN:5,formatSpots
FN:12,DayListItem
FN:21,(anonymous_2)
FNF:3
FNH:2
FNDA:2,formatSpots
FNDA:2,DayListItem
FNDA:0,(anonymous_2)
DA:6,2
DA:7,2
DA:9,1
DA:13,2
DA:18,2
DA:21,0
LF:6
LH:5
BRDA:6,0,0,0
BRDA:6,0,1,2
BRDA:7,1,0,1
BRDA:7,1,1,1
BRF:4
BRH:3
end_of_record
TN:
SF:src/components/InterviewerList.jsx
FN:6,InterviewerList
FN:7,(anonymous_1)
FN:15,(anonymous_2)
FNF:3
FNH:2
FNDA:13,InterviewerList
FNDA:13,(anonymous_1)
FNDA:0,(anonymous_2)
DA:7,13
DA:8,13
DA:15,0
DA:20,13
DA:28,2
LF:5
LH:4
BRF:0
BRH:0
end_of_record
TN:
SF:src/components/InterviewerListItem.jsx
FN:5,InterviewerItem
FNF:1
FNH:1
FNDA:13,InterviewerItem
DA:6,13
DA:10,13
LF:2
LH:2
BRDA:17,0,0,13
BRDA:17,0,1,7
BRF:2
BRH:2
end_of_record
TN:
SF:src/components/Appointment/Confirm.jsx
FN:3,Confirm
FNF:1
FNH:0
FNDA:0,Confirm
DA:4,0
LF:1
LH:0
BRF:0
BRH:0
end_of_record
TN:
SF:src/components/Appointment/Empty.jsx
FN:1,Empty
FNF:1
FNH:1
FNDA:2,Empty
DA:2,2
LF:1
LH:1
BRF:0
BRH:0
end_of_record
TN:
SF:src/components/Appointment/Error.jsx
FN:1,Error
FNF:1
FNH:0
FNDA:0,Error
DA:2,0
LF:1
LH:0
BRF:0
BRH:0
end_of_record
TN:
SF:src/components/Appointment/Form.jsx
FN:5,Form
FN:15,validateAndSave
FN:33,reset
FN:42,cancel
FN:50,(anonymous_4)
FN:57,(anonymous_5)
FNF:6
FNH:3
FNDA:14,Form
FNDA:6,validateAndSave
FNDA:0,reset
FNDA:0,cancel
FNDA:0,(anonymous_4)
FNDA:2,(anonymous_5)
DA:6,14
DA:7,14
DA:10,14
DA:16,6
DA:17,2
DA:18,2
DA:21,4
DA:22,1
DA:23,1
DA:26,3
DA:27,3
DA:34,0
DA:35,0
DA:36,0
DA:43,0
DA:44,0
DA:47,14
DA:50,0
DA:57,2
LF:19
LH:13
BRDA:6,0,0,14
BRDA:6,0,1,10
BRDA:8,1,0,8
BRDA:8,1,1,6
BRDA:16,2,0,2
BRDA:16,2,1,4
BRDA:21,3,0,1
BRDA:21,3,1,3
BRDA:60,4,0,14
BRDA:60,4,1,4
BRF:10
BRH:10
end_of_record
TN:
SF:src/components/Appointment/Header.jsx
FN:1,Header
FNF:1
FNH:1
FNDA:2,Header
DA:2,2
LF:1
LH:1
BRF:0
BRH:0
end_of_record
TN:
SF:src/components/Appointment/Show.jsx
FN:1,Show
FNF:1
FNH:0
FNDA:0,Show
DA:2,0
LF:1
LH:0
BRDA:9,0,0,0
BRDA:9,0,1,0
BRF:2
BRH:0
end_of_record
TN:
SF:src/components/Appointment/Status.jsx
FN:1,Status
FNF:1
FNH:0
FNDA:0,Status
DA:2,0
LF:1
LH:0
BRF:0
BRH:0
end_of_record
TN:
SF:src/components/Appointment/index.jsx
FN:14,Appointment
FN:40,save
FN:55,(anonymous_2)
FN:56,(anonymous_3)
FN:62,destroy
FN:68,(anonymous_5)
FN:69,(anonymous_6)
FN:81,(anonymous_7)
FN:92,(anonymous_8)
FN:94,(anonymous_9)
FN:98,(anonymous_10)
FN:108,(anonymous_11)
FN:121,(anonymous_12)
FN:135,(anonymous_13)
FNF:14
FNH:1
FNDA:2,Appointment
FNDA:0,save
FNDA:0,(anonymous_2)
FNDA:0,(anonymous_3)
FNDA:0,destroy
FNDA:0,(anonymous_5)
FNDA:0,(anonymous_6)
FNDA:0,(anonymous_7)
FNDA:0,(anonymous_8)
FNDA:0,(anonymous_9)
FNDA:0,(anonymous_10)
FNDA:0,(anonymous_11)
FNDA:0,(anonymous_12)
FNDA:0,(anonymous_13)
DA:16,2
DA:17,2
DA:18,2
DA:19,2
DA:20,2
DA:21,2
DA:22,2
DA:23,2
DA:24,2
DA:26,2
DA:31,2
DA:41,0
DA:42,0
DA:43,0
DA:44,0
DA:47,0
DA:49,0
DA:51,0
DA:53,0
DA:55,0
DA:57,0
DA:58,0
DA:63,0
DA:64,0
DA:66,0
DA:68,0
DA:70,0
DA:71,0
DA:75,2
DA:82,0
DA:83,0
DA:92,0
DA:95,0
DA:96,0
DA:99,0
DA:100,0
DA:109,0
DA:110,0
DA:122,0
DA:123,0
DA:136,0
DA:137,0
LF:42
LH:12
BRDA:27,0,0,0
BRDA:27,0,1,2
BRDA:40,1,0,0
BRDA:41,2,0,0
BRDA:41,2,1,0
BRDA:79,3,0,2
BRDA:79,3,1,2
BRDA:88,4,0,2
BRDA:88,4,1,0
BRDA:105,5,0,2
BRDA:105,5,1,0
BRDA:116,6,0,2
BRDA:116,6,1,0
BRDA:129,7,0,2
BRDA:129,7,1,0
BRDA:130,8,0,2
BRDA:130,8,1,0
BRDA:132,9,0,2
BRDA:132,9,1,0
BRDA:143,10,0,2
BRDA:143,10,1,0
BRDA:145,11,0,2
BRDA:145,11,1,0
BRF:23
BRH:11
end_of_record
TN:
SF:src/helpers/selectors.js
FN:1,getAppointmentsForDay
FN:4,(anonymous_1)
FN:8,(anonymous_2)
FN:11,getInterviewersForDay
FN:14,(anonymous_4)
FN:18,(anonymous_5)
FN:21,getInterview
FNF:7
FNH:7
FNDA:7,getAppointmentsForDay
FNDA:7,(anonymous_1)
FNDA:8,(anonymous_2)
FNDA:7,getInterviewersForDay
FNDA:7,(anonymous_4)
FNDA:8,(anonymous_5)
FNDA:2,getInterview
DA:2,7
DA:4,7
DA:6,7
DA:8,8
DA:12,7
DA:14,7
DA:16,7
DA:18,8
DA:22,2
LF:9
LH:9
BRDA:2,0,0,0
BRDA:2,0,1,7
BRDA:2,1,0,7
BRDA:2,1,1,7
BRDA:6,2,0,4
BRDA:6,2,1,3
BRDA:6,3,0,7
BRDA:6,3,1,4
BRDA:12,4,0,0
BRDA:12,4,1,7
BRDA:12,5,0,7
BRDA:12,5,1,7
BRDA:16,6,0,3
BRDA:16,6,1,4
BRDA:16,7,0,7
BRDA:16,7,1,4
BRDA:23,8,0,2
BRDA:23,8,1,1
BRF:18
BRH:16
end_of_record
TN:
SF:src/hooks/useApplicationData.js
FN:10,useApplicationData
FN:18,(anonymous_1)
FN:20,(anonymous_2)
FN:26,(anonymous_3)
FN:37,bookInterview
FN:38,(anonymous_5)
FN:47,cancelInterview
FN:48,(anonymous_7)
FNF:8
FNH:3
FNDA:2,useApplicationData
FNDA:0,(anonymous_1)
FNDA:1,(anonymous_2)
FNDA:1,(anonymous_3)
FNDA:0,bookInterview
FNDA:0,(anonymous_5)
FNDA:0,cancelInterview
FNDA:0,(anonymous_7)
DA:11,2
DA:18,2
DA:20,2
DA:21,1
DA:27,1
DA:38,0
DA:39,0
DA:48,0
DA:49,0
DA:57,2
LF:10
LH:6
BRF:0
BRH:0
end_of_record
TN:
SF:src/hooks/useRealtimeUpdate.js
FN:4,useRealtimeUpdate
FN:5,(anonymous_1)
FN:8,(anonymous_2)
FN:16,(anonymous_3)
FNF:4
FNH:0
FNDA:0,useRealtimeUpdate
FNDA:0,(anonymous_1)
FNDA:0,(anonymous_2)
FNDA:0,(anonymous_3)
DA:5,0
DA:6,0
DA:8,0
DA:9,0
DA:11,0
DA:12,0
DA:16,0
DA:17,0
LF:8
LH:0
BRDA:11,0,0,0
BRDA:11,0,1,0
BRDA:11,1,0,0
BRDA:11,1,1,0
BRF:4
BRH:0
end_of_record
TN:
SF:src/hooks/useVisualMode.js
FN:3,useVisualMode
FN:6,transition
FN:7,(anonymous_2)
FN:12,back
FN:14,(anonymous_4)
FNF:5
FNH:5
FNDA:15,useVisualMode
FNDA:5,transition
FNDA:5,(anonymous_2)
FNDA:4,back
FNDA:3,(anonymous_4)
DA:4,15
DA:7,5
DA:8,5
DA:13,4
DA:14,3
DA:18,15
LF:6
LH:6
BRDA:6,0,0,4
BRDA:8,1,0,1
BRDA:8,1,1,4
BRDA:13,2,0,3
BRDA:13,2,1,1
BRF:5
BRH:5
end_of_record
TN:
SF:src/reducers/application.js
FN:5,reducer
FN:27,(anonymous_1)
FN:30,(anonymous_2)
FN:34,(anonymous_3)
FNF:4
FNH:1
FNDA:2,reducer
FNDA:0,(anonymous_1)
FNDA:0,(anonymous_2)
FNDA:0,(anonymous_3)
DA:1,2
DA:2,2
DA:3,2
DA:6,2
DA:8,0
DA:10,1
DA:17,0
DA:22,0
DA:27,0
DA:28,0
DA:30,0
DA:34,0
DA:35,0
DA:43,0
DA:50,1
LF:15
LH:6
BRDA:6,0,0,0
BRDA:6,0,1,1
BRDA:6,0,2,0
BRDA:6,0,3,1
BRDA:12,1,0,1
BRDA:12,1,1,0
BRDA:13,2,0,1
BRDA:13,2,1,0
BRDA:14,3,0,1
BRDA:14,3,1,0
BRDA:19,4,0,0
BRDA:19,4,1,0
BRDA:30,5,0,0
BRDA:30,5,1,0
BRDA:35,6,0,0
BRDA:35,6,1,0
BRF:16
BRH:5
end_of_record
